{"message":"Bookmark not found","level":"error"}
{"message":"Bookmark not found","level":"error"}
{"message":"Bookmark not found","level":"error"}
{"message":"Bookmark not found at /bookmarks/11","level":"error"}
{"message":"POST to /bookmarks failed: Title missing","level":"error"}
{"message":"POST to /bookmarks failed: Title missing","level":"error"}
{"message":"Unauthorized request to path /bookmarks","level":"error"}
{"message":"Unauthorized request to path /bookmarks","level":"error"}
{"message":"Unauthorized request to path /bookmarks/1000000000000000000","level":"error"}
{"message":"Bookmark not found at /bookmarks/99","level":"error"}
{"message":"Bookmark not found at /bookmarks/0","level":"error"}
{"message":"POST to /bookmarks failed: Title missing","level":"error"}
{"message":"Bookmark not found at /bookmarks/0","level":"error"}
{"message":"Bookmark not found at /bookmarks/0","level":"error"}
{"message":"POST to /bookmarks failed: Title missing","level":"error"}
{"message":"POST to /bookmarks failed: Title missing","level":"error"}
{"message":"POST to /bookmarks failed: Title missing","level":"error"}
{"message":"POST to /bookmarks failed: Title missing","level":"error"}
{"message":"POST to /bookmarks failed: Title missing","level":"error"}
{"message":"POST to /bookmarks failed: Title missing","level":"error"}
{"message":"POST to /bookmarks failed: Title missing","level":"error"}
{"message":"POST to /bookmarks failed: Title missing","level":"error"}
{"message":"POST to /bookmarks failed: Title missing","level":"error"}
{"message":"POST to /bookmarks failed: Title missing","level":"error"}
{"message":"POST to /bookmarks failed: url missing","level":"error"}
{"message":"POST to /bookmarks failed: Title missing","level":"error"}
{"message":"POST to /bookmarks failed: url missing","level":"error"}
{"message":"POST to /bookmarks failed: rating missing","level":"error"}
{"message":"POST to /bookmarks failed: title missing","level":"error"}
{"message":"POST to /bookmarks failed: url missing","level":"error"}
{"message":"POST to /bookmarks failed: rating missing","level":"error"}
{"message":"POST to /bookmarks failed: title missing","level":"error"}
{"message":"POST to /bookmarks failed: url missing","level":"error"}
{"message":"POST to /bookmarks failed: rating missing","level":"error"}
{"message":"POST to /bookmarks failed: title missing","level":"error"}
{"message":"POST to /bookmarks failed: title missing","level":"error"}
{"message":"POST to /bookmarks failed: title missing","level":"error"}
{"message":"POST to /bookmarks failed: title missing","level":"error"}
{"message":"POST to /bookmarks failed: url missing","level":"error"}
{"message":"POST to /bookmarks failed: rating missing","level":"error"}
{"message":"Bookmark not found at /bookmarks/0","level":"error"}
{"message":"Unauthorized request to path /bookmarks/911","level":"error"}
{"message":"POST to /bookmarks failed: title missing","level":"error"}
{"message":"POST to /bookmarks failed: url missing","level":"error"}
{"message":"POST to /bookmarks failed: rating missing","level":"error"}
{"message":"Bookmark not found at /bookmarks/0","level":"error"}
{"message":"Bookmark not found at /bookmarks/0","level":"error"}
{"message":"POST to /bookmarks failed: title missing","level":"error"}
{"message":"POST to /bookmarks failed: url missing","level":"error"}
{"message":"POST to /bookmarks failed: rating missing","level":"error"}
{"message":"Bookmark not found at /bookmarks/0","level":"error"}
{"message":"Bookmark not found at /bookmarks/0","level":"error"}
{"message":"POST to /bookmarks failed: title missing","level":"error"}
{"message":"POST to /bookmarks failed: url missing","level":"error"}
{"message":"POST to /bookmarks failed: rating missing","level":"error"}
{"message":"Bookmark not found at /bookmarks/0","level":"error"}
{"message":"Bookmark not found at /bookmarks/0","level":"error"}
{"message":"POST to /bookmarks failed: title missing","level":"error"}
{"message":"POST to /bookmarks failed: url missing","level":"error"}
{"message":"POST to /bookmarks failed: rating missing","level":"error"}
{"message":"Bookmark not found at /bookmarks/0","level":"error"}
{"message":"Bookmark not found at /bookmarks/0","level":"error"}
{"message":"POST to /bookmarks failed: title missing","level":"error"}
{"message":"POST to /bookmarks failed: url missing","level":"error"}
{"message":"POST to /bookmarks failed: rating missing","level":"error"}
{"message":"Bookmark not found at /bookmarks/0","level":"error"}
{"message":"Unauthorized request to path /articles","level":"error"}
{"message":"Bookmark not found at /bookmarks/0","level":"error"}
{"message":"Bookmark not found at /bookmarks/0","level":"error"}
{"message":"Bookmark not found at /bookmarks/0","level":"error"}
{"message":"Bookmark not found at /bookmarks/0","level":"error"}
{"message":"POST to /bookmarks failed: title missing","level":"error"}
{"message":"POST to /bookmarks failed: url missing","level":"error"}
{"message":"POST to /bookmarks failed: rating missing","level":"error"}
{"message":"POST to /bookmarks failed: rating must be between 1 and 5","level":"error"}
{"message":"Bookmark not found at /bookmarks/0","level":"error"}
{"message":"Bookmark not found at /bookmarks/0","level":"error"}
{"message":"POST to /bookmarks failed: title missing","level":"error"}
{"message":"POST to /bookmarks failed: url missing","level":"error"}
{"message":"POST to /bookmarks failed: rating missing","level":"error"}
{"message":"POST to /bookmarks failed: rating must be between 1 and 5","level":"error"}
{"message":"Bookmark not found at /bookmarks/0","level":"error"}
{"message":"Bookmark not found at /api/bookmarks/0","level":"error"}
{"message":"POST to /api/bookmarks failed: title missing","level":"error"}
{"message":"POST to /api/bookmarks failed: url missing","level":"error"}
{"message":"POST to /api/bookmarks failed: rating missing","level":"error"}
{"message":"POST to /api/bookmarks failed: rating must be between 1 and 5","level":"error"}
{"message":"Bookmark not found at /api/bookmarks/0","level":"error"}
{"message":"Bookmark not found at /api/bookmarks/0","level":"error"}
{"message":"POST to /api/bookmarks failed: title missing","level":"error"}
{"message":"POST to /api/bookmarks failed: url missing","level":"error"}
{"message":"POST to /api/bookmarks failed: rating missing","level":"error"}
{"message":"POST to /api/bookmarks failed: rating must be between 1 and 5","level":"error"}
{"message":"Bookmark not found at /api/bookmarks/0","level":"error"}
{"message":"Bookmark not updated /api/bookmarks/0. Must contain one of title, url, rating, or description to update","level":"error"}
{"message":"Bookmark not updated /api/bookmarks/0. Must contain one of title, url, rating, or description to update","level":"error"}
{"message":"Unauthorized request to path /api/bookmarks/1","level":"error"}
{"message":"Unauthorized request to path /api/bookmarks/1","level":"error"}
{"message":"Unauthorized request to path /api/bookmarks/1","level":"error"}
{"message":"Unauthorized request to path /api/bookmarks/1","level":"error"}
{"message":"Unauthorized request to path /api/bookmarks/1","level":"error"}
{"message":"Unauthorized request to path /api/bookmarks/1","level":"error"}
{"message":"Unauthorized request to path /api/bookmarks/1","level":"error"}
{"message":"Request body must content either 'title', 'style' or 'content'","level":"error"}
{"message":"Request body must content either 'title', 'style' or 'content'","level":"error"}
{"message":"Bookmark not found at /api/bookmarks/0","level":"error"}
{"message":"Request body must content either 'title', 'style' or 'content'","level":"error"}
{"message":"Bookmark not found at /api/bookmarks/0","level":"error"}
{"message":"Request body must content either 'title', 'style' or 'content'","level":"error"}
{"message":"Bookmark not found at /api/bookmarks/0","level":"error"}
{"message":"Request body must content either 'title', 'style' or 'content'","level":"error"}
{"message":"Bookmark not found at /api/bookmarks/0","level":"error"}
{"message":"Request body must content either 'title', 'style' or 'content'","level":"error"}
{"message":"Bookmark not found at /api/bookmarks/0","level":"error"}
{"message":"Request body must content either 'title', 'style' or 'content'","level":"error"}
{"message":"Bookmark not found at /api/bookmarks/0","level":"error"}
{"message":"Request body must content either 'title', 'style' or 'content'","level":"error"}
{"message":"Bookmark not found at /api/bookmarks/0","level":"error"}
{"message":"Request body must content either 'title', 'style' or 'content'","level":"error"}
{"message":"Unauthorized request to path /api/bookmarks/2","level":"error"}
{"message":"Bookmark not found at /api/bookmarks/0","level":"error"}
{"message":"Request body must content either 'title', 'style' or 'content'","level":"error"}
{"message":"Unauthorized request to path /","level":"error"}
{"message":"Unauthorized request to path /","level":"error"}
{"message":"Unauthorized request to path /","level":"error"}
{"message":"Unauthorized request to path /","level":"error"}
{"message":"Unauthorized request to path /","level":"error"}
{"message":"Unauthorized request to path /api","level":"error"}
{"message":"Unauthorized request to path /api/bookmarks","level":"error"}
{"message":"Unauthorized request to path /api/bookmarks","level":"error"}
{"message":"Unauthorized request to path /api/bookmarks","level":"error"}
{"message":"Unauthorized request to path /api/bookmarks","level":"error"}
{"message":"Unauthorized request to path /api/bookmarks","level":"error"}
